This is pdfTeX, Version 3.141592-1.40.3 (MiKTeX 2.6) (preloaded format=latex 2007.6.21)  8 AUG 2007 14:26
entering extended mode
**PPRblends.sty
(PPRblends.sty
LaTeX2e <2005/12/01>
Babel <v3.8g> and hyphenation patterns for english, dumylang, nohyphenation, ge
rman, ngerman, french, loaded.

LaTeX Warning: You have requested package `',
               but the package provides `PPRblends'.

Package: PPRblends 2001/11/15
'Blends' style for Prosper ---
(c) 2001 Andrew Arnt
("C:\Arquivos de programas\MiKTeX 2.6\tex\latex\pst-grad\pst-grad.sty"
("C:\Arquivos de programas\MiKTeX 2.6\tex\latex\pstricks\pstricks.sty"
Package: pstricks 2006/08/10 v0.32 LaTeX wrapper for `PSTricks' (RN,HV)

("C:\Arquivos de programas\MiKTeX 2.6\tex\generic\pstricks\pstricks.tex"
`PSTricks' v1.15  <2006/12/22> (tvz)
\pst@dima=\dimen102
\pst@dimb=\dimen103
\pst@dimc=\dimen104
\pst@dimd=\dimen105
\pst@dimg=\dimen106
\pst@dimh=\dimen107
\pst@hbox=\box26
\pst@boxg=\box27
\pst@cnta=\count79
\pst@cntb=\count80
\pst@cntc=\count81
\pst@cntd=\count82
\pst@cntg=\count83
\pst@cnth=\count84
\pst@toks=\toks14
("C:\Arquivos de programas\MiKTeX 2.6\tex\generic\pstricks\pstricks.con")
\psunit=\dimen108
\psxunit=\dimen109
\psyunit=\dimen110
\pslinewidth=\dimen111
\pst@customdefs=\toks15
\pslinearc=\dimen112
\everypsbox=\toks16
\psframesep=\dimen113
\pslabelsep=\dimen114
\psk@shift=\dimen115
\pst@shift=\dimen116
\theoverlaybox=\box28
)
File: pstricks.tex 2006/12/22 v1.15 `PSTricks' (tvz)

("C:\Arquivos de programas\MiKTeX 2.6\tex\latex\xcolor\xcolor.sty"
Package: xcolor 2007/01/21 v2.11 LaTeX color extensions (UK)

("C:\Arquivos de programas\MiKTeX 2.6\tex\latex\00miktex\color.cfg"
File: color.cfg 2005/12/29 v1.1 MiKTeX 'color' configuration
)
Package xcolor Info: Package option `override' ignored on input line 216.
Package xcolor Info: Driver file: dvips.def on input line 225.

("C:\Arquivos de programas\MiKTeX 2.6\tex\latex\graphics\dvips.def"
File: dvips.def 1999/02/16 v3.0i Driver-dependant file (DPC,SPQR)
)
Package xcolor Info: Model `cmy' substituted by `cmy0' on input line 1337.
Package xcolor Info: Model `RGB' extended on input line 1353.
Package xcolor Info: Model `HTML' substituted by `rgb' on input line 1355.
Package xcolor Info: Model `Hsb' substituted by `hsb' on input line 1356.
Package xcolor Info: Model `tHsb' substituted by `hsb' on input line 1357.
Package xcolor Info: Model `HSB' substituted by `hsb' on input line 1358.
Package xcolor Info: Model `Gray' substituted by `gray' on input line 1359.
Package xcolor Info: Model `wave' substituted by `hsb' on input line 1360.
))
Package: pst-grad 2004/07/15 package wrapper for pst-grad.tex (hv)

("C:\Arquivos de programas\MiKTeX 2.6\tex\generic\pst-grad\pst-grad.tex"
("C:\Arquivos de programas\MiKTeX 2.6\tex\generic\xkeyval\pst-xkey.tex"
File: pst-xkey.tex 2005/11/25 v1.6 PSTricks specialization of xkeyval (HA)

("C:\Arquivos de programas\MiKTeX 2.6\tex\latex\xkeyval\xkeyval.sty"
Package: xkeyval 2006/11/18 v2.5f package option processing (HA)

("C:\Arquivos de programas\MiKTeX 2.6\tex\generic\xkeyval\xkeyval.tex"
\XKV@toks=\toks17
\XKV@depth=\count85
File: xkeyval.tex 2006/11/18 v2.5f key=value parser (HA)

("C:\Arquivos de programas\MiKTeX 2.6\tex\generic\xkeyval\keyval.tex"))

! Package xkeyval Error: xkeyval loaded before \documentclass.

See the xkeyval package documentation for explanation.
Type  H <return>  for immediate help.
 ...                                              
                                                  
l.62 ...yval loaded before \protect\documentclass}
                                                  %
Try typing  <return>  to proceed.
If that doesn't work, type  X <return>  to quit.

)) `pst-plot' v1.05, 2006/11/04 (tvz,dg,hv))
File: pst-grad.tex 2006/11/04 1.05 `pst-grad' (tvz)
)
("C:\Arquivos de programas\MiKTeX 2.6\tex\latex\seminar\semhelv.sty"
Style Option: `semhelv' for the `seminar' doc style 1.4 <2000/05/08> (tvz)
Modified by Stefan (see source for details)
! Undefined control sequence.
l.102   \family
               \default@family\selectfont
The control sequence at the end of the top line
of your error message was never \def'ed. If you have
misspelled it (e.g., `\hobx'), type `I' and the correct
spelling (e.g., `I\hbox'). Otherwise just continue,
and I'll forget about whatever was undefined.


! LaTeX Error: Missing \begin{document}.

See the LaTeX manual or LaTeX Companion for explanation.
Type  H <return>  for immediate help.
 ...                                              
                                                  
l.102   \family\default@family
                              \selectfont
You're in trouble here.  Try typing  <return>  to proceed.
If that doesn't work, type  X <return>  to quit.

Missing character: There is no h in font nullfont!
Missing character: There is no e in font nullfont!
Missing character: There is no l in font nullfont!
Missing character: There is no v in font nullfont!
Missing character: There is no e in font nullfont!
Missing character: There is no t in font nullfont!
Missing character: There is no i in font nullfont!
Missing character: There is no c in font nullfont!
Missing character: There is no a in font nullfont!

Overfull \hbox (20.0pt too wide) in paragraph at lines 102--104
[][] 
 []

! Extra \else.
l.105 \else
           
I'm ignoring this; it doesn't match any \if.

! Undefined control sequence.
l.174 \ifarticle
                
The control sequence at the end of the top line
of your error message was never \def'ed. If you have
misspelled it (e.g., `\hobx'), type `I' and the correct
spelling (e.g., `I\hbox'). Otherwise just continue,
and I'll forget about whatever was undefined.


! LaTeX Error: \slidefonts undefined.

See the LaTeX manual or LaTeX Companion for explanation.
Type  H <return>  for immediate help.
 ...                                              
                                                  
l.175   \renewcommand{\slidefonts}
                                  {%
Try typing  <return>  to proceed.
If that doesn't work, type  X <return>  to quit.

! Extra \else.
l.181 \else
           
I'm ignoring this; it doesn't match any \if.

LaTeX Font Info:    Font shape `OT1/helvetica/m/n' will be
(Font)              scaled to size 8.20007pt on input line 186.
! Extra \fi.
l.187 \fi
         
I'm ignoring this; it doesn't match any \if.

! Extra \fi.
l.189 \fi
         
I'm ignoring this; it doesn't match any \if.

)
! Undefined control sequence.
l.43 \ifinColor
               
The control sequence at the end of the top line
of your error message was never \def'ed. If you have
misspelled it (e.g., `\hobx'), type `I' and the correct
spelling (e.g., `I\hbox'). Otherwise just continue,
and I'll forget about whatever was undefined.

! Extra \else.
l.49 \else
          
I'm ignoring this; it doesn't match any \if.

! Extra \fi.
l.55 \fi
        
I'm ignoring this; it doesn't match any \if.

! Undefined control sequence.
l.58 \FontTitle
               {%
The control sequence at the end of the top line
of your error message was never \def'ed. If you have
misspelled it (e.g., `\hobx'), type `I' and the correct
spelling (e.g., `I\hbox'). Otherwise just continue,
and I'll forget about whatever was undefined.

LaTeX Font Info:    Try loading font information for T1+phv on input line 59.
("C:\Arquivos de programas\MiKTeX 2.6\tex\latex\psnfss\t1phv.fd"
File: t1phv.fd 2001/06/04 scalable font definitions for T1/phv.
)
! Undefined control sequence.
l.61 \FontText
              {%
The control sequence at the end of the top line
of your error message was never \def'ed. If you have
misspelled it (e.g., `\hobx'), type `I' and the correct
spelling (e.g., `I\hbox'). Otherwise just continue,
and I'll forget about whatever was undefined.

! Undefined control sequence.
l.65 \ColorFoot
               {\ctitle}
The control sequence at the end of the top line
of your error message was never \def'ed. If you have
misspelled it (e.g., `\hobx'), type `I' and the correct
spelling (e.g., `I\hbox'). Otherwise just continue,
and I'll forget about whatever was undefined.

! Undefined control sequence.
l.71 \LogoPosition
                  {-1.5,-1.1}
The control sequence at the end of the top line
of your error message was never \def'ed. If you have
misspelled it (e.g., `\hobx'), type `I' and the correct
spelling (e.g., `I\hbox'). Otherwise just continue,
and I'll forget about whatever was undefined.


! LaTeX Error: Missing \begin{document}.

See the LaTeX manual or LaTeX Companion for explanation.
Type  H <return>  for immediate help.
 ...                                              
                                                  
l.71 \LogoPosition{-
                    1.5,-1.1}
You're in trouble here.  Try typing  <return>  to proceed.
If that doesn't work, type  X <return>  to quit.


Overfull \hbox (22.73059pt too wide) in paragraph at lines 71--72
[][]\OT1/helvetica/m/n/10 -
 []


Overfull \hbox (16.40805pt too wide) in paragraph at lines 71--72
\OT1/helvetica/m/n/10 1.5,-
 []


Overfull \hbox (11.39792pt too wide) in paragraph at lines 71--72
\OT1/helvetica/m/n/10 1.1 
 []

! Undefined control sequence.
l.94 \myitem
            {1}{\psframe[fillstyle=solid,fillcolor=cblue,%
The control sequence at the end of the top line
of your error message was never \def'ed. If you have
misspelled it (e.g., `\hobx'), type `I' and the correct
spelling (e.g., `I\hbox'). Otherwise just continue,
and I'll forget about whatever was undefined.


! LaTeX Error: Missing \begin{document}.

See the LaTeX manual or LaTeX Companion for explanation.
Type  H <return>  for immediate help.
 ...                                              
                                                  
l.94 \myitem{1
              }{\psframe[fillstyle=solid,fillcolor=cblue,%
You're in trouble here.  Try typing  <return>  to proceed.
If that doesn't work, type  X <return>  to quit.

! Undefined control sequence.
l.96 \myitem
            {2}{\psframe[fillstyle=solid,fillcolor=cred,%
The control sequence at the end of the top line
of your error message was never \def'ed. If you have
misspelled it (e.g., `\hobx'), type `I' and the correct
spelling (e.g., `I\hbox'). Otherwise just continue,
and I'll forget about whatever was undefined.

! Undefined control sequence.
l.98 \myitem
            {3}{\psframe[fillstyle=solid,fillcolor=cyellow,%
The control sequence at the end of the top line
of your error message was never \def'ed. If you have
misspelled it (e.g., `\hobx'), type `I' and the correct
spelling (e.g., `I\hbox'). Otherwise just continue,
and I'll forget about whatever was undefined.


Overfull \hbox (24.55919pt too wide) in paragraph at lines 94--100
[][]\OT1/helvetica/m/n/10 1[]
 []


Overfull \hbox (4.55919pt too wide) in paragraph at lines 94--100
\OT1/helvetica/m/n/10 2[]
 []


Overfull \hbox (4.55919pt too wide) in paragraph at lines 94--100
\OT1/helvetica/m/n/10 3[] 
 []

! Undefined control sequence.
l.101 \NewSlideStyle
                    {t}{6.0,2.4}{Blendsframe}
The control sequence at the end of the top line
of your error message was never \def'ed. If you have
misspelled it (e.g., `\hobx'), type `I' and the correct
spelling (e.g., `I\hbox'). Otherwise just continue,
and I'll forget about whatever was undefined.


! LaTeX Error: Missing \begin{document}.

See the LaTeX manual or LaTeX Companion for explanation.
Type  H <return>  for immediate help.
 ...                                              
                                                  
l.101 \NewSlideStyle{t
                      }{6.0,2.4}{Blendsframe}
You're in trouble here.  Try typing  <return>  to proceed.
If that doesn't work, type  X <return>  to quit.

! Undefined control sequence.
l.102 \PDFCroppingBox
                     {0 15 700 810}
The control sequence at the end of the top line
of your error message was never \def'ed. If you have
misspelled it (e.g., `\hobx'), type `I' and the correct
spelling (e.g., `I\hbox'). Otherwise just continue,
and I'll forget about whatever was undefined.


Overfull \hbox (93.29942pt too wide) in paragraph at lines 101--103
[][]\OT1/helvetica/m/n/10 t6.0,2.4Blendsframe
 []


Overfull \hbox (4.55919pt too wide) in paragraph at lines 101--103
\OT1/helvetica/m/n/10 0
 []


Overfull \hbox (9.11838pt too wide) in paragraph at lines 101--103
\OT1/helvetica/m/n/10 15
 []


Overfull \hbox (13.67757pt too wide) in paragraph at lines 101--103
\OT1/helvetica/m/n/10 700
 []


Overfull \hbox (13.67757pt too wide) in paragraph at lines 101--103
\OT1/helvetica/m/n/10 810 
 []

)
! Emergency stop.
<*> PPRblends.sty
                 
*** (job aborted, no legal \end found)

 
Here is how much of TeX's memory you used:
 1906 strings out of 95306
 22269 string characters out of 1184947
 86573 words of memory out of 1090273
 5102 multiletter control sequences out of 60000
 10984 words of font info for 19 fonts, out of 1000000 for 2000
 14 hyphenation exceptions out of 8191
 37i,1n,39p,229b,105s stack positions out of 5000i,500n,10000p,200000b,32768s
No pages of output.
